#
# There is insufficient memory for the Java Runtime Environment to continue.
# Native memory allocation (malloc) failed to allocate 1767856 bytes for Chunk::new
# Possible reasons:
#   The system is out of physical RAM or swap space
#   The process is running with CompressedOops enabled, and the Java Heap may be blocking the growth of the native heap
# Possible solutions:
#   Reduce memory load on the system
#   Increase physical memory or swap space
#   Check if swap backing store is full
#   Decrease Java heap size (-Xmx/-Xms)
#   Decrease number of Java threads
#   Decrease Java thread stack sizes (-Xss)
#   Set larger code cache with -XX:ReservedCodeCacheSize=
#   JVM is running with Unscaled Compressed Oops mode in which the Java heap is
#     placed in the first 4GB address space. The Java Heap base address is the
#     maximum limit for the native heap growth. Please use -XX:HeapBaseMinAddress
#     to set the Java Heap base and to place the Java Heap above 4GB virtual address.
# This output file may be truncated or incomplete.
#
#  Out of Memory Error (arena.cpp:197), pid=16756, tid=11680
#
# JRE version: OpenJDK Runtime Environment Temurin-11.0.19+7 (11.0.19+7) (build 11.0.19+7)
# Java VM: OpenJDK 64-Bit Server VM Temurin-11.0.19+7 (11.0.19+7, mixed mode, tiered, compressed oops, g1 gc, windows-amd64)
# No core dump will be written. Minidumps are not enabled by default on client versions of Windows
#

---------------  S U M M A R Y ------------

Command Line: --add-opens=java.base/java.util.concurrent.atomic=ALL-UNNAMED -XX:MaxMetaspaceSize=256m -XX:+HeapDumpOnOutOfMemoryError --add-opens=java.base/java.util=ALL-UNNAMED --add-opens=java.base/java.lang=ALL-UNNAMED --add-opens=java.base/java.lang.invoke=ALL-UNNAMED --add-opens=java.prefs/java.util.prefs=ALL-UNNAMED --add-opens=java.base/java.nio.charset=ALL-UNNAMED --add-opens=java.base/java.net=ALL-UNNAMED --add-opens=java.base/java.util.concurrent.atomic=ALL-UNNAMED -Xms256m -Xmx512m -Dfile.encoding=windows-1251 -Duser.country=RU -Duser.language=ru -Duser.variant org.gradle.launcher.daemon.bootstrap.GradleDaemon 7.6

Host: Intel(R) Core(TM) i7-4700HQ CPU @ 2.40GHz, 8 cores, 7G,  Windows 10 , 64 bit Build 14393 (10.0.14393.0)
Time: Sun Sep 29 22:01:34 2024 GMT - время по Гринвичу (лето) elapsed time: 4.579953 seconds (0d 0h 0m 4s)

---------------  T H R E A D  ---------------

Current thread (0x00000240324fe000):  JavaThread "C2 CompilerThread0" daemon [_thread_in_native, id=11680, stack(0x000000cfb5100000,0x000000cfb5200000)]


Current CompileTask:
C2:   4580 2702       4       jdk.internal.loader.URLClassPath::getResource (74 bytes)

Stack: [0x000000cfb5100000,0x000000cfb5200000]
Native frames: (J=compiled Java code, j=interpreted, Vv=VM code, C=native code)
V  [jvm.dll+0x64fb5a]
V  [jvm.dll+0x7e3549]
V  [jvm.dll+0x7e4c49]
V  [jvm.dll+0x7e5333]
V  [jvm.dll+0x26afd5]
V  [jvm.dll+0xc1a5c]
V  [jvm.dll+0xc200c]
V  [jvm.dll+0x37b2f2]
V  [jvm.dll+0x1b37c2]
V  [jvm.dll+0x222ecf]
V  [jvm.dll+0x221d88]
V  [jvm.dll+0x19e6c1]
V  [jvm.dll+0x231f59]
V  [jvm.dll+0x2300af]
V  [jvm.dll+0x7a48d0]
V  [jvm.dll+0x79d6e4]
V  [jvm.dll+0x64e915]
C  [ucrtbase.dll+0x1cab0]
C  [KERNEL32.DLL+0x8364]
C  [ntdll.dll+0x65e91]


---------------  P R O C E S S  ---------------

Threads class SMR info:
_java_thread_list=0x0000024034f37140, length=32, elements={
0x0000024016377000, 0x0000024031bb6800, 0x0000024031bb0800, 0x00000240324fa000,
0x00000240324fc000, 0x00000240324fd000, 0x00000240324fe000, 0x0000024031bbd800,
0x000002403252d800, 0x0000024032691800, 0x0000024034f32800, 0x00000240333bd800,
0x00000240328a0800, 0x000002403477a800, 0x0000024034b7f000, 0x0000024033d79800,
0x00000240345d5800, 0x0000024035300000, 0x0000024034991800, 0x0000024034cef800,
0x00000240359f4800, 0x00000240359f5800, 0x0000024035b0d000, 0x00000240359f6000,
0x00000240359f9800, 0x00000240359f7000, 0x00000240359f8000, 0x00000240359f8800,
0x00000240359f3800, 0x00000240359fa000, 0x0000024035c9b000, 0x0000024035c9e800
}

Java Threads: ( => current thread )
  0x0000024016377000 JavaThread "main" [_thread_blocked, id=9124, stack(0x000000cfb4500000,0x000000cfb4600000)]
  0x0000024031bb6800 JavaThread "Reference Handler" daemon [_thread_blocked, id=17688, stack(0x000000cfb4c00000,0x000000cfb4d00000)]
  0x0000024031bb0800 JavaThread "Finalizer" daemon [_thread_blocked, id=19012, stack(0x000000cfb4d00000,0x000000cfb4e00000)]
  0x00000240324fa000 JavaThread "Signal Dispatcher" daemon [_thread_blocked, id=4708, stack(0x000000cfb4e00000,0x000000cfb4f00000)]
  0x00000240324fc000 JavaThread "Attach Listener" daemon [_thread_blocked, id=16564, stack(0x000000cfb4f00000,0x000000cfb5000000)]
  0x00000240324fd000 JavaThread "Service Thread" daemon [_thread_blocked, id=19256, stack(0x000000cfb5000000,0x000000cfb5100000)]
=>0x00000240324fe000 JavaThread "C2 CompilerThread0" daemon [_thread_in_native, id=11680, stack(0x000000cfb5100000,0x000000cfb5200000)]
  0x0000024031bbd800 JavaThread "C1 CompilerThread0" daemon [_thread_in_native, id=7304, stack(0x000000cfb5200000,0x000000cfb5300000)]
  0x000002403252d800 JavaThread "Sweeper thread" daemon [_thread_blocked, id=18620, stack(0x000000cfb5300000,0x000000cfb5400000)]
  0x0000024032691800 JavaThread "Common-Cleaner" daemon [_thread_blocked, id=18708, stack(0x000000cfb5400000,0x000000cfb5500000)]
  0x0000024034f32800 JavaThread "Daemon health stats" [_thread_blocked, id=19424, stack(0x000000cfb5d00000,0x000000cfb5e00000)]
  0x00000240333bd800 JavaThread "Incoming local TCP Connector on port 56023" [_thread_in_native, id=9192, stack(0x000000cfb5e00000,0x000000cfb5f00000)]
  0x00000240328a0800 JavaThread "Daemon periodic checks" [_thread_blocked, id=6044, stack(0x000000cfb5f00000,0x000000cfb6000000)]
  0x000002403477a800 JavaThread "Daemon" [_thread_blocked, id=6416, stack(0x000000cfb6000000,0x000000cfb6100000)]
  0x0000024034b7f000 JavaThread "Handler for socket connection from /127.0.0.1:56023 to /127.0.0.1:56024" [_thread_in_native, id=17732, stack(0x000000cfb6100000,0x000000cfb6200000)]
  0x0000024033d79800 JavaThread "Cancel handler" [_thread_blocked, id=11332, stack(0x000000cfb6200000,0x000000cfb6300000)]
  0x00000240345d5800 JavaThread "Daemon worker" [_thread_in_Java, id=14288, stack(0x000000cfb6300000,0x000000cfb6400000)]
  0x0000024035300000 JavaThread "Asynchronous log dispatcher for DefaultDaemonConnection: socket connection from /127.0.0.1:56023 to /127.0.0.1:56024" [_thread_blocked, id=17480, stack(0x000000cfb6400000,0x000000cfb6500000)]
  0x0000024034991800 JavaThread "Stdin handler" [_thread_blocked, id=17792, stack(0x000000cfb6500000,0x000000cfb6600000)]
  0x0000024034cef800 JavaThread "Daemon client event forwarder" [_thread_blocked, id=16732, stack(0x000000cfb6600000,0x000000cfb6700000)]
  0x00000240359f4800 JavaThread "Cache worker for journal cache (C:\Users\User\.gradle\caches\journal-1)" [_thread_blocked, id=8744, stack(0x000000cfb6700000,0x000000cfb6800000)]
  0x00000240359f5800 JavaThread "File lock request listener" [_thread_in_native, id=7188, stack(0x000000cfb6800000,0x000000cfb6900000)]
  0x0000024035b0d000 JavaThread "C2 CompilerThread1" daemon [_thread_in_native, id=18416, stack(0x000000cfb6900000,0x000000cfb6a00000)]
  0x00000240359f6000 JavaThread "Cache worker for file hash cache (C:\Users\User\.gradle\caches\7.6\fileHashes)" [_thread_blocked, id=372, stack(0x000000cfb6d00000,0x000000cfb6e00000)]
  0x00000240359f9800 JavaThread "Cache worker for checksums cache (C:\Users\User\qa-diploma\.gradle\7.6\checksums)" [_thread_blocked, id=17836, stack(0x000000cfb6e00000,0x000000cfb6f00000)]
  0x00000240359f7000 JavaThread "Cache worker for cache directory md-rule (C:\Users\User\.gradle\caches\7.6\md-rule)" [_thread_blocked, id=4208, stack(0x000000cfb6f00000,0x000000cfb7000000)]
  0x00000240359f8000 JavaThread "Cache worker for file content cache (C:\Users\User\.gradle\caches\7.6\fileContent)" [_thread_blocked, id=16472, stack(0x000000cfb7000000,0x000000cfb7100000)]
  0x00000240359f8800 JavaThread "Cache worker for file hash cache (C:\Users\User\qa-diploma\.gradle\7.6\fileHashes)" [_thread_blocked, id=5388, stack(0x000000cfb7100000,0x000000cfb7200000)]
  0x00000240359f3800 JavaThread "Cache worker for cache directory md-supplier (C:\Users\User\.gradle\caches\7.6\md-supplier)" [_thread_blocked, id=12756, stack(0x000000cfb7200000,0x000000cfb7300000)]
  0x00000240359fa000 JavaThread "Cache worker for execution history cache (C:\Users\User\.gradle\caches\7.6\executionHistory)" [_thread_blocked, id=14296, stack(0x000000cfb7300000,0x000000cfb7400000)]
  0x0000024035c9b000 JavaThread "jar transforms" [_thread_blocked, id=5124, stack(0x000000cfb7400000,0x000000cfb7500000)]
  0x0000024035c9e800 JavaThread "jar transforms Thread 2" [_thread_blocked, id=15692, stack(0x000000cfb7500000,0x000000cfb7600000)]

Other Threads:
  0x0000024031b7f800 VMThread "VM Thread" [stack: 0x000000cfb4b00000,0x000000cfb4c00000] [id=12464]
  0x00000240326af800 WatcherThread [stack: 0x000000cfb5500000,0x000000cfb5600000] [id=12652]
  0x000002401638e800 GCTaskThread "GC Thread#0" [stack: 0x000000cfb4600000,0x000000cfb4700000] [id=14384]
  0x0000024033ae2800 GCTaskThread "GC Thread#1" [stack: 0x000000cfb5700000,0x000000cfb5800000] [id=18712]
  0x0000024032adc000 GCTaskThread "GC Thread#2" [stack: 0x000000cfb5800000,0x000000cfb5900000] [id=8252]
  0x000002403360f000 GCTaskThread "GC Thread#3" [stack: 0x000000cfb5900000,0x000000cfb5a00000] [id=10644]
  0x00000240337ab800 GCTaskThread "GC Thread#4" [stack: 0x000000cfb5a00000,0x000000cfb5b00000] [id=19104]
  0x0000024034604000 GCTaskThread "GC Thread#5" [stack: 0x000000cfb5b00000,0x000000cfb5c00000] [id=18144]
  0x000002403489f800 GCTaskThread "GC Thread#6" [stack: 0x000000cfb6a00000,0x000000cfb6b00000] [id=19080]
  0x000002403471a800 GCTaskThread "GC Thread#7" [stack: 0x000000cfb6b00000,0x000000cfb6c00000] [id=16476]
  0x00000240163a2800 ConcurrentGCThread "G1 Main Marker" [stack: 0x000000cfb4700000,0x000000cfb4800000] [id=18864]
  0x00000240163a4800 ConcurrentGCThread "G1 Conc#0" [stack: 0x000000cfb4800000,0x000000cfb4900000] [id=19232]
  0x0000024034eda800 ConcurrentGCThread "G1 Conc#1" [stack: 0x000000cfb6c00000,0x000000cfb6d00000] [id=4840]
  0x0000024031a1a800 ConcurrentGCThread "G1 Refine#0" [stack: 0x000000cfb4900000,0x000000cfb4a00000] [id=17684]
  0x0000024031a1c800 ConcurrentGCThread "G1 Young RemSet Sampling" [stack: 0x000000cfb4a00000,0x000000cfb4b00000] [id=19028]

Threads with active compile tasks:
C2 CompilerThread0     4610 2702       4       jdk.internal.loader.URLClassPath::getResource (74 bytes)
C1 CompilerThread0     4610 2974       3       java.util.StringJoiner::add (104 bytes)
C2 CompilerThread1     4610 2899       4       sun.net.util.URLUtil::urlNoFragString (114 bytes)

VM state:not at safepoint (normal execution)

VM Mutex/Monitor currently owned by a thread: None

Heap address: 0x00000000e0000000, size: 512 MB, Compressed Oops mode: 32-bit
Narrow klass base: 0x0000000000000000, Narrow klass shift: 3
Compressed class space size: 260046848 Address: 0x0000000100000000

Heap:
 garbage-first heap   total 262144K, used 27573K [0x00000000e0000000, 0x0000000100000000)
  region size 1024K, 12 young (12288K), 6 survivors (6144K)
 Metaspace       used 37113K, capacity 38008K, committed 38192K, reserved 288768K
  class space    used 4817K, capacity 5180K, committed 5248K, reserved 253952K
Heap Regions: E=young(eden), S=young(survivor), O=old, HS=humongous(starts), HC=humongous(continues), CS=collection set, F=free, A=archive, TAMS=top-at-mark-start (previous, next)
|   0|0x00000000e0000000, 0x00000000e0100000, 0x00000000e0100000|100%|HS|  |TAMS 0x00000000e0100000, 0x00000000e0000000| Complete 
|   1|0x00000000e0100000, 0x00000000e0200000, 0x00000000e0200000|100%|HC|  |TAMS 0x00000000e0200000, 0x00000000e0100000| Complete 
|   2|0x00000000e0200000, 0x00000000e0300000, 0x00000000e0300000|100%|HC|  |TAMS 0x00000000e0300000, 0x00000000e0200000| Complete 
|   3|0x00000000e0300000, 0x00000000e0400000, 0x00000000e0400000|100%| O|  |TAMS 0x00000000e0400000, 0x00000000e0300000| Untracked 
|   4|0x00000000e0400000, 0x00000000e0500000, 0x00000000e0500000|100%| O|  |TAMS 0x00000000e0500000, 0x00000000e0400000| Untracked 
|   5|0x00000000e0500000, 0x00000000e0600000, 0x00000000e0600000|100%| O|  |TAMS 0x00000000e0600000, 0x00000000e0500000| Untracked 
|   6|0x00000000e0600000, 0x00000000e0700000, 0x00000000e0700000|100%| O|  |TAMS 0x00000000e0700000, 0x00000000e0600000| Untracked 
|   7|0x00000000e0700000, 0x00000000e0800000, 0x00000000e0800000|100%| O|  |TAMS 0x00000000e0800000, 0x00000000e0700000| Untracked 
|   8|0x00000000e0800000, 0x00000000e0900000, 0x00000000e0900000|100%| O|  |TAMS 0x00000000e0900000, 0x00000000e0800000| Untracked 
|   9|0x00000000e0900000, 0x00000000e0a00000, 0x00000000e0a00000|100%| O|  |TAMS 0x00000000e0a00000, 0x00000000e0900000| Untracked 
|  10|0x00000000e0a00000, 0x00000000e0b00000, 0x00000000e0b00000|100%| O|  |TAMS 0x00000000e0b00000, 0x00000000e0a00000| Untracked 
|  11|0x00000000e0b00000, 0x00000000e0c00000, 0x00000000e0c00000|100%| O|  |TAMS 0x00000000e0c00000, 0x00000000e0b00000| Untracked 
|  12|0x00000000e0c00000, 0x00000000e0d00000, 0x00000000e0d00000|100%| O|  |TAMS 0x00000000e0d00000, 0x00000000e0c00000| Untracked 
|  13|0x00000000e0d00000, 0x00000000e0e00000, 0x00000000e0e00000|100%| O|  |TAMS 0x00000000e0e00000, 0x00000000e0d00000| Untracked 
|  14|0x00000000e0e00000, 0x00000000e0f00000, 0x00000000e0f00000|100%| O|  |TAMS 0x00000000e0f00000, 0x00000000e0e00000| Untracked 
|  15|0x00000000e0f00000, 0x00000000e1000000, 0x00000000e1000000|100%| O|  |TAMS 0x00000000e1000000, 0x00000000e0f00000| Untracked 
|  16|0x00000000e1000000, 0x00000000e1077000, 0x00000000e1100000| 46%| O|  |TAMS 0x00000000e1077000, 0x00000000e1000000| Untracked 
|  17|0x00000000e1100000, 0x00000000e1100000, 0x00000000e1200000|  0%| F|  |TAMS 0x00000000e1100000, 0x00000000e1100000| Untracked 
|  18|0x00000000e1200000, 0x00000000e1200000, 0x00000000e1300000|  0%| F|  |TAMS 0x00000000e1200000, 0x00000000e1200000| Untracked 
|  19|0x00000000e1300000, 0x00000000e1300000, 0x00000000e1400000|  0%| F|  |TAMS 0x00000000e1300000, 0x00000000e1300000| Untracked 
|  20|0x00000000e1400000, 0x00000000e1400000, 0x00000000e1500000|  0%| F|  |TAMS 0x00000000e1400000, 0x00000000e1400000| Untracked 
|  21|0x00000000e1500000, 0x00000000e1500000, 0x00000000e1600000|  0%| F|  |TAMS 0x00000000e1500000, 0x00000000e1500000| Untracked 
|  22|0x00000000e1600000, 0x00000000e1600000, 0x00000000e1700000|  0%| F|  |TAMS 0x00000000e1600000, 0x00000000e1600000| Untracked 
|  23|0x00000000e1700000, 0x00000000e1700000, 0x00000000e1800000|  0%| F|  |TAMS 0x00000000e1700000, 0x00000000e1700000| Untracked 
|  24|0x00000000e1800000, 0x00000000e1800000, 0x00000000e1900000|  0%| F|  |TAMS 0x00000000e1800000, 0x00000000e1800000| Untracked 
|  25|0x00000000e1900000, 0x00000000e1900000, 0x00000000e1a00000|  0%| F|  |TAMS 0x00000000e1900000, 0x00000000e1900000| Untracked 
|  26|0x00000000e1a00000, 0x00000000e1a00000, 0x00000000e1b00000|  0%| F|  |TAMS 0x00000000e1a00000, 0x00000000e1a00000| Untracked 
|  27|0x00000000e1b00000, 0x00000000e1b00000, 0x00000000e1c00000|  0%| F|  |TAMS 0x00000000e1b00000, 0x00000000e1b00000| Untracked 
|  28|0x00000000e1c00000, 0x00000000e1c00000, 0x00000000e1d00000|  0%| F|  |TAMS 0x00000000e1c00000, 0x00000000e1c00000| Untracked 
|  29|0x00000000e1d00000, 0x00000000e1d00000, 0x00000000e1e00000|  0%| F|  |TAMS 0x00000000e1d00000, 0x00000000e1d00000| Untracked 
|  30|0x00000000e1e00000, 0x00000000e1e00000, 0x00000000e1f00000|  0%| F|  |TAMS 0x00000000e1e00000, 0x00000000e1e00000| Untracked 
|  31|0x00000000e1f00000, 0x00000000e1f00000, 0x00000000e2000000|  0%| F|  |TAMS 0x00000000e1f00000, 0x00000000e1f00000| Untracked 
|  32|0x00000000e2000000, 0x00000000e2000000, 0x00000000e2100000|  0%| F|  |TAMS 0x00000000e2000000, 0x00000000e2000000| Untracked 
|  33|0x00000000e2100000, 0x00000000e2100000, 0x00000000e2200000|  0%| F|  |TAMS 0x00000000e2100000, 0x00000000e2100000| Untracked 
|  34|0x00000000e2200000, 0x00000000e2200000, 0x00000000e2300000|  0%| F|  |TAMS 0x00000000e2200000, 0x00000000e2200000| Untracked 
|  35|0x00000000e2300000, 0x00000000e2300000, 0x00000000e2400000|  0%| F|  |TAMS 0x00000000e2300000, 0x00000000e2300000| Untracked 
|  36|0x00000000e2400000, 0x00000000e2400000, 0x00000000e2500000|  0%| F|  |TAMS 0x00000000e2400000, 0x00000000e2400000| Untracked 
|  37|0x00000000e2500000, 0x00000000e2500000, 0x00000000e2600000|  0%| F|  |TAMS 0x00000000e2500000, 0x00000000e2500000| Untracked 
|  38|0x00000000e2600000, 0x00000000e2600000, 0x00000000e2700000|  0%| F|  |TAMS 0x00000000e2600000, 0x00000000e2600000| Untracked 
|  39|0x00000000e2700000, 0x00000000e2700000, 0x00000000e2800000|  0%| F|  |TAMS 0x00000000e2700000, 0x00000000e2700000| Untracked 
|  40|0x00000000e2800000, 0x00000000e2800000, 0x00000000e2900000|  0%| F|  |TAMS 0x00000000e2800000, 0x00000000e2800000| Untracked 
|  41|0x00000000e2900000, 0x00000000e2900000, 0x00000000e2a00000|  0%| F|  |TAMS 0x00000000e2900000, 0x00000000e2900000| Untracked 
|  42|0x00000000e2a00000, 0x00000000e2a00000, 0x00000000e2b00000|  0%| F|  |TAMS 0x00000000e2a00000, 0x00000000e2a00000| Untracked 
|  43|0x00000000e2b00000, 0x00000000e2b00000, 0x00000000e2c00000|  0%| F|  |TAMS 0x00000000e2b00000, 0x00000000e2b00000| Untracked 
|  44|0x00000000e2c00000, 0x00000000e2c00000, 0x00000000e2d00000|  0%| F|  |TAMS 0x00000000e2c00000, 0x00000000e2c00000| Untracked 
|  45|0x00000000e2d00000, 0x00000000e2d00000, 0x00000000e2e00000|  0%| F|  |TAMS 0x00000000e2d00000, 0x00000000e2d00000| Untracked 
|  46|0x00000000e2e00000, 0x00000000e2e00000, 0x00000000e2f00000|  0%| F|  |TAMS 0x00000000e2e00000, 0x00000000e2e00000| Untracked 
|  47|0x00000000e2f00000, 0x00000000e2f00000, 0x00000000e3000000|  0%| F|  |TAMS 0x00000000e2f00000, 0x00000000e2f00000| Untracked 
|  48|0x00000000e3000000, 0x00000000e3000000, 0x00000000e3100000|  0%| F|  |TAMS 0x00000000e3000000, 0x00000000e3000000| Untracked 
|  49|0x00000000e3100000, 0x00000000e3100000, 0x00000000e3200000|  0%| F|  |TAMS 0x00000000e3100000, 0x00000000e3100000| Untracked 
|  50|0x00000000e3200000, 0x00000000e3200000, 0x00000000e3300000|  0%| F|  |TAMS 0x00000000e3200000, 0x00000000e3200000| Untracked 
|  51|0x00000000e3300000, 0x00000000e3300000, 0x00000000e3400000|  0%| F|  |TAMS 0x00000000e3300000, 0x00000000e3300000| Untracked 
|  52|0x00000000e3400000, 0x00000000e3400000, 0x00000000e3500000|  0%| F|  |TAMS 0x00000000e3400000, 0x00000000e3400000| Untracked 
|  53|0x00000000e3500000, 0x00000000e3500000, 0x00000000e3600000|  0%| F|  |TAMS 0x00000000e3500000, 0x00000000e3500000| Untracked 
|  54|0x00000000e3600000, 0x00000000e3600000, 0x00000000e3700000|  0%| F|  |TAMS 0x00000000e3600000, 0x00000000e3600000| Untracked 
|  55|0x00000000e3700000, 0x00000000e3700000, 0x00000000e3800000|  0%| F|  |TAMS 0x00000000e3700000, 0x00000000e3700000| Untracked 
|  56|0x00000000e3800000, 0x00000000e3800000, 0x00000000e3900000|  0%| F|  |TAMS 0x00000000e3800000, 0x00000000e3800000| Untracked 
|  57|0x00000000e3900000, 0x00000000e3900000, 0x00000000e3a00000|  0%| F|  |TAMS 0x00000000e3900000, 0x00000000e3900000| Untracked 
|  58|0x00000000e3a00000, 0x00000000e3a00000, 0x00000000e3b00000|  0%| F|  |TAMS 0x00000000e3a00000, 0x00000000e3a00000| Untracked 
|  59|0x00000000e3b00000, 0x00000000e3b00000, 0x00000000e3c00000|  0%| F|  |TAMS 0x00000000e3b00000, 0x00000000e3b00000| Untracked 
|  60|0x00000000e3c00000, 0x00000000e3c00000, 0x00000000e3d00000|  0%| F|  |TAMS 0x00000000e3c00000, 0x00000000e3c00000| Untracked 
|  61|0x00000000e3d00000, 0x00000000e3d00000, 0x00000000e3e00000|  0%| F|  |TAMS 0x00000000e3d00000, 0x00000000e3d00000| Untracked 
|  62|0x00000000e3e00000, 0x00000000e3e00000, 0x00000000e3f00000|  0%| F|  |TAMS 0x00000000e3e00000, 0x00000000e3e00000| Untracked 
|  63|0x00000000e3f00000, 0x00000000e3f00000, 0x00000000e4000000|  0%| F|  |TAMS 0x00000000e3f00000, 0x00000000e3f00000| Untracked 
|  64|0x00000000e4000000, 0x00000000e4000000, 0x00000000e4100000|  0%| F|  |TAMS 0x00000000e4000000, 0x00000000e4000000| Untracked 
|  65|0x00000000e4100000, 0x00000000e4100000, 0x00000000e4200000|  0%| F|  |TAMS 0x00000000e4100000, 0x00000000e4100000| Untracked 
|  66|0x00000000e4200000, 0x00000000e4200000, 0x00000000e4300000|  0%| F|  |TAMS 0x00000000e4200000, 0x00000000e4200000| Untracked 
|  67|0x00000000e4300000, 0x00000000e4300000, 0x00000000e4400000|  0%| F|  |TAMS 0x00000000e4300000, 0x00000000e4300000| Untracked 
|  68|0x00000000e4400000, 0x00000000e4400000, 0x00000000e4500000|  0%| F|  |TAMS 0x00000000e4400000, 0x00000000e4400000| Untracked 
|  69|0x00000000e4500000, 0x00000000e4500000, 0x00000000e4600000|  0%| F|  |TAMS 0x00000000e4500000, 0x00000000e4500000| Untracked 
|  70|0x00000000e4600000, 0x00000000e4600000, 0x00000000e4700000|  0%| F|  |TAMS 0x00000000e4600000, 0x00000000e4600000| Untracked 
|  71|0x00000000e4700000, 0x00000000e4700000, 0x00000000e4800000|  0%| F|  |TAMS 0x00000000e4700000, 0x00000000e4700000| Untracked 
|  72|0x00000000e4800000, 0x00000000e4800000, 0x00000000e4900000|  0%| F|  |TAMS 0x00000000e4800000, 0x00000000e4800000| Untracked 
|  73|0x00000000e4900000, 0x00000000e4900000, 0x00000000e4a00000|  0%| F|  |TAMS 0x00000000e4900000, 0x00000000e4900000| Untracked 
|  74|0x00000000e4a00000, 0x00000000e4a00000, 0x00000000e4b00000|  0%| F|  |TAMS 0x00000000e4a00000, 0x00000000e4a00000| Untracked 
|  75|0x00000000e4b00000, 0x00000000e4b00000, 0x00000000e4c00000|  0%| F|  |TAMS 0x00000000e4b00000, 0x00000000e4b00000| Untracked 
|  76|0x00000000e4c00000, 0x00000000e4c00000, 0x00000000e4d00000|  0%| F|  |TAMS 0x00000000e4c00000, 0x00000000e4c00000| Untracked 
|  77|0x00000000e4d00000, 0x00000000e4d00000, 0x00000000e4e00000|  0%| F|  |TAMS 0x00000000e4d00000, 0x00000000e4d00000| Untracked 
|  78|0x00000000e4e00000, 0x00000000e4e00000, 0x00000000e4f00000|  0%| F|  |TAMS 0x00000000e4e00000, 0x00000000e4e00000| Untracked 
|  79|0x00000000e4f00000, 0x00000000e4f00000, 0x00000000e5000000|  0%| F|  |TAMS 0x00000000e4f00000, 0x00000000e4f00000| Untracked 
|  80|0x00000000e5000000, 0x00000000e5000000, 0x00000000e5100000|  0%| F|  |TAMS 0x00000000e5000000, 0x00000000e5000000| Untracked 
|  81|0x00000000e5100000, 0x00000000e5100000, 0x00000000e5200000|  0%| F|  |TAMS 0x00000000e5100000, 0x00000000e5100000| Untracked 
|  82|0x00000000e5200000, 0x00000000e5200000, 0x00000000e5300000|  0%| F|  |TAMS 0x00000000e5200000, 0x00000000e5200000| Untracked 
|  83|0x00000000e5300000, 0x00000000e5300000, 0x00000000e5400000|  0%| F|  |TAMS 0x00000000e5300000, 0x00000000e5300000| Untracked 
|  84|0x00000000e5400000, 0x00000000e5400000, 0x00000000e5500000|  0%| F|  |TAMS 0x00000000e5400000, 0x00000000e5400000| Untracked 
|  85|0x00000000e5500000, 0x00000000e5500000, 0x00000000e5600000|  0%| F|  |TAMS 0x00000000e5500000, 0x00000000e5500000| Untracked 
|  86|0x00000000e5600000, 0x00000000e5600000, 0x00000000e5700000|  0%| F|  |TAMS 0x00000000e5600000, 0x00000000e5600000| Untracked 
|  87|0x00000000e5700000, 0x00000000e5700000, 0x00000000e5800000|  0%| F|  |TAMS 0x00000000e5700000, 0x00000000e5700000| Untracked 
|  88|0x00000000e5800000, 0x00000000e5800000, 0x00000000e5900000|  0%| F|  |TAMS 0x00000000e5800000, 0x00000000e5800000| Untracked 
|  89|0x00000000e5900000, 0x00000000e5900000, 0x00000000e5a00000|  0%| F|  |TAMS 0x00000000e5900000, 0x00000000e5900000| Untracked 
|  90|0x00000000e5a00000, 0x00000000e5a00000, 0x00000000e5b00000|  0%| F|  |TAMS 0x00000000e5a00000, 0x00000000e5a00000| Untracked 
|  91|0x00000000e5b00000, 0x00000000e5b00000, 0x00000000e5c00000|  0%| F|  |TAMS 0x00000000e5b00000, 0x00000000e5b00000| Untracked 
|  92|0x00000000e5c00000, 0x00000000e5c00000, 0x00000000e5d00000|  0%| F|  |TAMS 0x00000000e5c00000, 0x00000000e5c00000| Untracked 
|  93|0x00000000e5d00000, 0x00000000e5d00000, 0x00000000e5e00000|  0%| F|  |TAMS 0x00000000e5d00000, 0x00000000e5d00000| Untracked 
|  94|0x00000000e5e00000, 0x00000000e5e00000, 0x00000000e5f00000|  0%| F|  |TAMS 0x00000000e5e00000, 0x00000000e5e00000| Untracked 
|  95|0x00000000e5f00000, 0x00000000e5f00000, 0x00000000e6000000|  0%| F|  |TAMS 0x00000000e5f00000, 0x00000000e5f00000| Untracked 
|  96|0x00000000e6000000, 0x00000000e6000000, 0x00000000e6100000|  0%| F|  |TAMS 0x00000000e6000000, 0x00000000e6000000| Untracked 
|  97|0x00000000e6100000, 0x00000000e6100000, 0x00000000e6200000|  0%| F|  |TAMS 0x00000000e6100000, 0x00000000e6100000| Untracked 
|  98|0x00000000e6200000, 0x00000000e6200000, 0x00000000e6300000|  0%| F|  |TAMS 0x00000000e6200000, 0x00000000e6200000| Untracked 
|  99|0x00000000e6300000, 0x00000000e6300000, 0x00000000e6400000|  0%| F|  |TAMS 0x00000000e6300000, 0x00000000e6300000| Untracked 
| 100|0x00000000e6400000, 0x00000000e6400000, 0x00000000e6500000|  0%| F|  |TAMS 0x00000000e6400000, 0x00000000e6400000| Untracked 
| 101|0x00000000e6500000, 0x00000000e6500000, 0x00000000e6600000|  0%| F|  |TAMS 0x00000000e6500000, 0x00000000e6500000| Untracked 
| 102|0x00000000e6600000, 0x00000000e6600000, 0x00000000e6700000|  0%| F|  |TAMS 0x00000000e6600000, 0x00000000e6600000| Untracked 
| 103|0x00000000e6700000, 0x00000000e6700000, 0x00000000e6800000|  0%| F|  |TAMS 0x00000000e6700000, 0x00000000e6700000| Untracked 
| 104|0x00000000e6800000, 0x00000000e6800000, 0x00000000e6900000|  0%| F|  |TAMS 0x00000000e6800000, 0x00000000e6800000| Untracked 
| 105|0x00000000e6900000, 0x00000000e6900000, 0x00000000e6a00000|  0%| F|  |TAMS 0x00000000e6900000, 0x00000000e6900000| Untracked 
| 106|0x00000000e6a00000, 0x00000000e6a00000, 0x00000000e6b00000|  0%| F|  |TAMS 0x00000000e6a00000, 0x00000000e6a00000| Untracked 
| 107|0x00000000e6b00000, 0x00000000e6b00000, 0x00000000e6c00000|  0%| F|  |TAMS 0x00000000e6b00000, 0x00000000e6b00000| Untracked 
| 108|0x00000000e6c00000, 0x00000000e6c00000, 0x00000000e6d00000|  0%| F|  |TAMS 0x00000000e6c00000, 0x00000000e6c00000| Untracked 
| 109|0x00000000e6d00000, 0x00000000e6d00000, 0x00000000e6e00000|  0%| F|  |TAMS 0x00000000e6d00000, 0x00000000e6d00000| Untracked 
| 110|0x00000000e6e00000, 0x00000000e6e00000, 0x00000000e6f00000|  0%| F|  |TAMS 0x00000000e6e00000, 0x00000000e6e00000| Untracked 
| 111|0x00000000e6f00000, 0x00000000e6f00000, 0x00000000e7000000|  0%| F|  |TAMS 0x00000000e6f00000, 0x00000000e6f00000| Untracked 
| 112|0x00000000e7000000, 0x00000000e7000000, 0x00000000e7100000|  0%| F|  |TAMS 0x00000000e7000000, 0x00000000e7000000| Untracked 
| 113|0x00000000e7100000, 0x00000000e7100000, 0x00000000e7200000|  0%| F|  |TAMS 0x00000000e7100000, 0x00000000e7100000| Untracked 
| 114|0x00000000e7200000, 0x00000000e7200000, 0x00000000e7300000|  0%| F|  |TAMS 0x00000000e7200000, 0x00000000e7200000| Untracked 
| 115|0x00000000e7300000, 0x00000000e7300000, 0x00000000e7400000|  0%| F|  |TAMS 0x00000000e7300000, 0x00000000e7300000| Untracked 
| 116|0x00000000e7400000, 0x00000000e7400000, 0x00000000e7500000|  0%| F|  |TAMS 0x00000000e7400000, 0x00000000e7400000| Untracked 
| 117|0x00000000e7500000, 0x00000000e7500000, 0x00000000e7600000|  0%| F|  |TAMS 0x00000000e7500000, 0x00000000e7500000| Untracked 
| 118|0x00000000e7600000, 0x00000000e7600000, 0x00000000e7700000|  0%| F|  |TAMS 0x00000000e7600000, 0x00000000e7600000| Untracked 
| 119|0x00000000e7700000, 0x00000000e7700000, 0x00000000e7800000|  0%| F|  |TAMS 0x00000000e7700000, 0x00000000e7700000| Untracked 
| 120|0x00000000e7800000, 0x00000000e7800000, 0x00000000e7900000|  0%| F|  |TAMS 0x00000000e7800000, 0x00000000e7800000| Untracked 
| 121|0x00000000e7900000, 0x00000000e7900000, 0x00000000e7a00000|  0%| F|  |TAMS 0x00000000e7900000, 0x00000000e7900000| Untracked 
| 122|0x00000000e7a00000, 0x00000000e7a00000, 0x00000000e7b00000|  0%| F|  |TAMS 0x00000000e7a00000, 0x00000000e7a00000| Untracked 
| 123|0x00000000e7b00000, 0x00000000e7b00000, 0x00000000e7c00000|  0%| F|  |TAMS 0x00000000e7b00000, 0x00000000e7b00000| Untracked 
| 124|0x00000000e7c00000, 0x00000000e7c00000, 0x00000000e7d00000|  0%| F|  |TAMS 0x00000000e7c00000, 0x00000000e7c00000| Untracked 
| 125|0x00000000e7d00000, 0x00000000e7d00000, 0x00000000e7e00000|  0%| F|  |TAMS 0x00000000e7d00000, 0x00000000e7d00000| Untracked 
| 126|0x00000000e7e00000, 0x00000000e7e00000, 0x00000000e7f00000|  0%| F|  |TAMS 0x00000000e7e00000, 0x00000000e7e00000| Untracked 
| 127|0x00000000e7f00000, 0x00000000e7f00000, 0x00000000e8000000|  0%| F|  |TAMS 0x00000000e7f00000, 0x00000000e7f00000| Untracked 
| 128|0x00000000e8000000, 0x00000000e8000000, 0x00000000e8100000|  0%| F|  |TAMS 0x00000000e8000000, 0x00000000e8000000| Untracked 
| 129|0x00000000e8100000, 0x00000000e8100000, 0x00000000e8200000|  0%| F|  |TAMS 0x00000000e8100000, 0x00000000e8100000| Untracked 
| 130|0x00000000e8200000, 0x00000000e8200000, 0x00000000e8300000|  0%| F|  |TAMS 0x00000000e8200000, 0x00000000e8200000| Untracked 
| 131|0x00000000e8300000, 0x00000000e8300000, 0x00000000e8400000|  0%| F|  |TAMS 0x00000000e8300000, 0x00000000e8300000| Untracked 
| 132|0x00000000e8400000, 0x00000000e8400000, 0x00000000e8500000|  0%| F|  |TAMS 0x00000000e8400000, 0x00000000e8400000| Untracked 
| 133|0x00000000e8500000, 0x00000000e8500000, 0x00000000e8600000|  0%| F|  |TAMS 0x00000000e8500000, 0x00000000e8500000| Untracked 
| 134|0x00000000e8600000, 0x00000000e8600000, 0x00000000e8700000|  0%| F|  |TAMS 0x00000000e8600000, 0x00000000e8600000| Untracked 
| 135|0x00000000e8700000, 0x00000000e8700000, 0x00000000e8800000|  0%| F|  |TAMS 0x00000000e8700000, 0x00000000e8700000| Untracked 
| 136|0x00000000e8800000, 0x00000000e8800000, 0x00000000e8900000|  0%| F|  |TAMS 0x00000000e8800000, 0x00000000e8800000| Untracked 
| 137|0x00000000e8900000, 0x00000000e8900000, 0x00000000e8a00000|  0%| F|  |TAMS 0x00000000e8900000, 0x00000000e8900000| Untracked 
| 138|0x00000000e8a00000, 0x00000000e8a00000, 0x00000000e8b00000|  0%| F|  |TAMS 0x00000000e8a00000, 0x00000000e8a00000| Untracked 
| 139|0x00000000e8b00000, 0x00000000e8b00000, 0x00000000e8c00000|  0%| F|  |TAMS 0x00000000e8b00000, 0x00000000e8b00000| Untracked 
| 140|0x00000000e8c00000, 0x00000000e8c00000, 0x00000000e8d00000|  0%| F|  |TAMS 0x00000000e8c00000, 0x00000000e8c00000| Untracked 
| 141|0x00000000e8d00000, 0x00000000e8d00000, 0x00000000e8e00000|  0%| F|  |TAMS 0x00000000e8d00000, 0x00000000e8d00000| Untracked 
| 142|0x00000000e8e00000, 0x00000000e8e00000, 0x00000000e8f00000|  0%| F|  |TAMS 0x00000000e8e00000, 0x00000000e8e00000| Untracked 
| 143|0x00000000e8f00000, 0x00000000e8f00000, 0x00000000e9000000|  0%| F|  |TAMS 0x00000000e8f00000, 0x00000000e8f00000| Untracked 
| 144|0x00000000e9000000, 0x00000000e9000000, 0x00000000e9100000|  0%| F|  |TAMS 0x00000000e9000000, 0x00000000e9000000| Untracked 
| 145|0x00000000e9100000, 0x00000000e9100000, 0x00000000e9200000|  0%| F|  |TAMS 0x00000000e9100000, 0x00000000e9100000| Untracked 
| 146|0x00000000e9200000, 0x00000000e9200000, 0x00000000e9300000|  0%| F|  |TAMS 0x00000000e9200000, 0x00000000e9200000| Untracked 
| 147|0x00000000e9300000, 0x00000000e9300000, 0x00000000e9400000|  0%| F|  |TAMS 0x00000000e9300000, 0x00000000e9300000| Untracked 
| 148|0x00000000e9400000, 0x00000000e9400000, 0x00000000e9500000|  0%| F|  |TAMS 0x00000000e9400000, 0x00000000e9400000| Untracked 
| 149|0x00000000e9500000, 0x00000000e9500000, 0x00000000e9600000|  0%| F|  |TAMS 0x00000000e9500000, 0x00000000e9500000| Untracked 
| 150|0x00000000e9600000, 0x00000000e9600000, 0x00000000e9700000|  0%| F|  |TAMS 0x00000000e9600000, 0x00000000e9600000| Untracked 
| 151|0x00000000e9700000, 0x00000000e9700000, 0x00000000e9800000|  0%| F|  |TAMS 0x00000000e9700000, 0x00000000e9700000| Untracked 
| 152|0x00000000e9800000, 0x00000000e9800000, 0x00000000e9900000|  0%| F|  |TAMS 0x00000000e9800000, 0x00000000e9800000| Untracked 
| 153|0x00000000e9900000, 0x00000000e9900000, 0x00000000e9a00000|  0%| F|  |TAMS 0x00000000e9900000, 0x00000000e9900000| Untracked 
| 154|0x00000000e9a00000, 0x00000000e9a00000, 0x00000000e9b00000|  0%| F|  |TAMS 0x00000000e9a00000, 0x00000000e9a00000| Untracked 
| 155|0x00000000e9b00000, 0x00000000e9b00000, 0x00000000e9c00000|  0%| F|  |TAMS 0x00000000e9b00000, 0x00000000e9b00000| Untracked 
| 156|0x00000000e9c00000, 0x00000000e9c00000, 0x00000000e9d00000|  0%| F|  |TAMS 0x00000000e9c00000, 0x00000000e9c00000| Untracked 
| 157|0x00000000e9d00000, 0x00000000e9d00000, 0x00000000e9e00000|  0%| F|  |TAMS 0x00000000e9d00000, 0x00000000e9d00000| Untracked 
| 158|0x00000000e9e00000, 0x00000000e9e00000, 0x00000000e9f00000|  0%| F|  |TAMS 0x00000000e9e00000, 0x00000000e9e00000| Untracked 
| 159|0x00000000e9f00000, 0x00000000e9f00000, 0x00000000ea000000|  0%| F|  |TAMS 0x00000000e9f00000, 0x00000000e9f00000| Untracked 
| 160|0x00000000ea000000, 0x00000000ea000000, 0x00000000ea100000|  0%| F|  |TAMS 0x00000000ea000000, 0x00000000ea000000| Untracked 
| 161|0x00000000ea100000, 0x00000000ea100000, 0x00000000ea200000|  0%| F|  |TAMS 0x00000000ea100000, 0x00000000ea100000| Untracked 
| 162|0x00000000ea200000, 0x00000000ea200000, 0x00000000ea300000|  0%| F|  |TAMS 0x00000000ea200000, 0x00000000ea200000| Untracked 
| 163|0x00000000ea300000, 0x00000000ea300000, 0x00000000ea400000|  0%| F|  |TAMS 0x00000000ea300000, 0x00000000ea300000| Untracked 
| 164|0x00000000ea400000, 0x00000000ea400000, 0x00000000ea500000|  0%| F|  |TAMS 0x00000000ea400000, 0x00000000ea400000| Untracked 
| 165|0x00000000ea500000, 0x00000000ea500000, 0x00000000ea600000|  0%| F|  |TAMS 0x00000000ea500000, 0x00000000ea500000| Untracked 
| 166|0x00000000ea600000, 0x00000000ea600000, 0x00000000ea700000|  0%| F|  |TAMS 0x00000000ea600000, 0x00000000ea600000| Untracked 
| 167|0x00000000ea700000, 0x00000000ea700000, 0x00000000ea800000|  0%| F|  |TAMS 0x00000000ea700000, 0x00000000ea700000| Untracked 
| 168|0x00000000ea800000, 0x00000000ea800000, 0x00000000ea900000|  0%| F|  |TAMS 0x00000000ea800000, 0x00000000ea800000| Untracked 
| 169|0x00000000ea900000, 0x00000000ea900000, 0x00000000eaa00000|  0%| F|  |TAMS 0x00000000ea900000, 0x00000000ea900000| Untracked 
| 170|0x00000000eaa00000, 0x00000000eaa00000, 0x00000000eab00000|  0%| F|  |TAMS 0x00000000eaa00000, 0x00000000eaa00000| Untracked 
| 171|0x00000000eab00000, 0x00000000eab00000, 0x00000000eac00000|  0%| F|  |TAMS 0x00000000eab00000, 0x00000000eab00000| Untracked 
| 172|0x00000000eac00000, 0x00000000eac00000, 0x00000000ead00000|  0%| F|  |TAMS 0x00000000eac00000, 0x00000000eac00000| Untracked 
| 173|0x00000000ead00000, 0x00000000ead00000, 0x00000000eae00000|  0%| F|  |TAMS 0x00000000ead00000, 0x00000000ead00000| Untracked 
| 174|0x00000000eae00000, 0x00000000eae00000, 0x00000000eaf00000|  0%| F|  |TAMS 0x00000000eae00000, 0x00000000eae00000| Untracked 
| 175|0x00000000eaf00000, 0x00000000eaf00000, 0x00000000eb000000|  0%| F|  |TAMS 0x00000000eaf00000, 0x00000000eaf00000| Untracked 
| 176|0x00000000eb000000, 0x00000000eb000000, 0x00000000eb100000|  0%| F|  |TAMS 0x00000000eb000000, 0x00000000eb000000| Untracked 
| 177|0x00000000eb100000, 0x00000000eb100000, 0x00000000eb200000|  0%| F|  |TAMS 0x00000000eb100000, 0x00000000eb100000| Untracked 
| 178|0x00000000eb200000, 0x00000000eb200000, 0x00000000eb300000|  0%| F|  |TAMS 0x00000000eb200000, 0x00000000eb200000| Untracked 
| 179|0x00000000eb300000, 0x00000000eb300000, 0x00000000eb400000|  0%| F|  |TAMS 0x00000000eb300000, 0x00000000eb300000| Untracked 
| 180|0x00000000eb400000, 0x00000000eb400000, 0x00000000eb500000|  0%| F|  |TAMS 0x00000000eb400000, 0x00000000eb400000| Untracked 
| 181|0x00000000eb500000, 0x00000000eb500000, 0x00000000eb600000|  0%| F|  |TAMS 0x00000000eb500000, 0x00000000eb500000| Untracked 
| 182|0x00000000eb600000, 0x00000000eb600000, 0x00000000eb700000|  0%| F|  |TAMS 0x00000000eb600000, 0x00000000eb600000| Untracked 
| 183|0x00000000eb700000, 0x00000000eb700000, 0x00000000eb800000|  0%| F|  |TAMS 0x00000000eb700000, 0x00000000eb700000| Untracked 
| 184|0x00000000eb800000, 0x00000000eb800000, 0x00000000eb900000|  0%| F|  |TAMS 0x00000000eb800000, 0x00000000eb800000| Untracked 
| 185|0x00000000eb900000, 0x00000000eb900000, 0x00000000eba00000|  0%| F|  |TAMS 0x00000000eb900000, 0x00000000eb900000| Untracked 
| 186|0x00000000eba00000, 0x00000000eba00000, 0x00000000ebb00000|  0%| F|  |TAMS 0x00000000eba00000, 0x00000000eba00000| Untracked 
| 187|0x00000000ebb00000, 0x00000000ebb00000, 0x00000000ebc00000|  0%| F|  |TAMS 0x00000000ebb00000, 0x00000000ebb00000| Untracked 
| 188|0x00000000ebc00000, 0x00000000ebc00000, 0x00000000ebd00000|  0%| F|  |TAMS 0x00000000ebc00000, 0x00000000ebc00000| Untracked 
| 189|0x00000000ebd00000, 0x00000000ebd00000, 0x00000000ebe00000|  0%| F|  |TAMS 0x00000000ebd00000, 0x00000000ebd00000| Untracked 
| 190|0x00000000ebe00000, 0x00000000ebe00000, 0x00000000ebf00000|  0%| F|  |TAMS 0x00000000ebe00000, 0x00000000ebe00000| Untracked 
| 191|0x00000000ebf00000, 0x00000000ebf00000, 0x00000000ec000000|  0%| F|  |TAMS 0x00000000ebf00000, 0x00000000ebf00000| Untracked 
| 192|0x00000000ec000000, 0x00000000ec000000, 0x00000000ec100000|  0%| F|  |TAMS 0x00000000ec000000, 0x00000000ec000000| Untracked 
| 193|0x00000000ec100000, 0x00000000ec100000, 0x00000000ec200000|  0%| F|  |TAMS 0x00000000ec100000, 0x00000000ec100000| Untracked 
| 194|0x00000000ec200000, 0x00000000ec200000, 0x00000000ec300000|  0%| F|  |TAMS 0x00000000ec200000, 0x00000000ec200000| Untracked 
| 195|0x00000000ec300000, 0x00000000ec300000, 0x00000000ec400000|  0%| F|  |TAMS 0x00000000ec300000, 0x00000000ec300000| Untracked 
| 196|0x00000000ec400000, 0x00000000ec476740, 0x00000000ec500000| 46%| S|CS|TAMS 0x00000000ec400000, 0x00000000ec400000| Complete 
| 197|0x00000000ec500000, 0x00000000ec600000, 0x00000000ec600000|100%| S|CS|TAMS 0x00000000ec500000, 0x00000000ec500000| Complete 
| 198|0x00000000ec600000, 0x00000000ec700000, 0x00000000ec700000|100%| S|CS|TAMS 0x00000000ec600000, 0x00000000ec600000| Complete 
| 199|0x00000000ec700000, 0x00000000ec800000, 0x00000000ec800000|100%| S|CS|TAMS 0x00000000ec700000, 0x00000000ec700000| Complete 
| 200|0x00000000ec800000, 0x00000000ec900000, 0x00000000ec900000|100%| S|CS|TAMS 0x00000000ec800000, 0x00000000ec800000| Complete 
| 201|0x00000000ec900000, 0x00000000eca00000, 0x00000000eca00000|100%| S|CS|TAMS 0x00000000ec900000, 0x00000000ec900000| Complete 
| 202|0x00000000eca00000, 0x00000000eca00000, 0x00000000ecb00000|  0%| F|  |TAMS 0x00000000eca00000, 0x00000000eca00000| Untracked 
| 203|0x00000000ecb00000, 0x00000000ecb00000, 0x00000000ecc00000|  0%| F|  |TAMS 0x00000000ecb00000, 0x00000000ecb00000| Untracked 
| 204|0x00000000ecc00000, 0x00000000ecc00000, 0x00000000ecd00000|  0%| F|  |TAMS 0x00000000ecc00000, 0x00000000ecc00000| Untracked 
| 205|0x00000000ecd00000, 0x00000000ecd00000, 0x00000000ece00000|  0%| F|  |TAMS 0x00000000ecd00000, 0x00000000ecd00000| Untracked 
| 206|0x00000000ece00000, 0x00000000ece00000, 0x00000000ecf00000|  0%| F|  |TAMS 0x00000000ece00000, 0x00000000ece00000| Untracked 
| 207|0x00000000ecf00000, 0x00000000ecf00000, 0x00000000ed000000|  0%| F|  |TAMS 0x00000000ecf00000, 0x00000000ecf00000| Untracked 
| 208|0x00000000ed000000, 0x00000000ed000000, 0x00000000ed100000|  0%| F|  |TAMS 0x00000000ed000000, 0x00000000ed000000| Untracked 
| 209|0x00000000ed100000, 0x00000000ed100000, 0x00000000ed200000|  0%| F|  |TAMS 0x00000000ed100000, 0x00000000ed100000| Untracked 
| 210|0x00000000ed200000, 0x00000000ed200000, 0x00000000ed300000|  0%| F|  |TAMS 0x00000000ed200000, 0x00000000ed200000| Untracked 
| 211|0x00000000ed300000, 0x00000000ed300000, 0x00000000ed400000|  0%| F|  |TAMS 0x00000000ed300000, 0x00000000ed300000| Untracked 
| 212|0x00000000ed400000, 0x00000000ed400000, 0x00000000ed500000|  0%| F|  |TAMS 0x00000000ed400000, 0x00000000ed400000| Untracked 
| 213|0x00000000ed500000, 0x00000000ed500000, 0x00000000ed600000|  0%| F|  |TAMS 0x00000000ed500000, 0x00000000ed500000| Untracked 
| 214|0x00000000ed600000, 0x00000000ed600000, 0x00000000ed700000|  0%| F|  |TAMS 0x00000000ed600000, 0x00000000ed600000| Untracked 
| 215|0x00000000ed700000, 0x00000000ed700000, 0x00000000ed800000|  0%| F|  |TAMS 0x00000000ed700000, 0x00000000ed700000| Untracked 
| 216|0x00000000ed800000, 0x00000000ed800000, 0x00000000ed900000|  0%| F|  |TAMS 0x00000000ed800000, 0x00000000ed800000| Untracked 
| 217|0x00000000ed900000, 0x00000000ed900000, 0x00000000eda00000|  0%| F|  |TAMS 0x00000000ed900000, 0x00000000ed900000| Untracked 
| 218|0x00000000eda00000, 0x00000000eda00000, 0x00000000edb00000|  0%| F|  |TAMS 0x00000000eda00000, 0x00000000eda00000| Untracked 
| 219|0x00000000edb00000, 0x00000000edb00000, 0x00000000edc00000|  0%| F|  |TAMS 0x00000000edb00000, 0x00000000edb00000| Untracked 
| 220|0x00000000edc00000, 0x00000000edc00000, 0x00000000edd00000|  0%| F|  |TAMS 0x00000000edc00000, 0x00000000edc00000| Untracked 
| 221|0x00000000edd00000, 0x00000000edd00000, 0x00000000ede00000|  0%| F|  |TAMS 0x00000000edd00000, 0x00000000edd00000| Untracked 
| 222|0x00000000ede00000, 0x00000000ede00000, 0x00000000edf00000|  0%| F|  |TAMS 0x00000000ede00000, 0x00000000ede00000| Untracked 
| 223|0x00000000edf00000, 0x00000000edf00000, 0x00000000ee000000|  0%| F|  |TAMS 0x00000000edf00000, 0x00000000edf00000| Untracked 
| 224|0x00000000ee000000, 0x00000000ee000000, 0x00000000ee100000|  0%| F|  |TAMS 0x00000000ee000000, 0x00000000ee000000| Untracked 
| 225|0x00000000ee100000, 0x00000000ee100000, 0x00000000ee200000|  0%| F|  |TAMS 0x00000000ee100000, 0x00000000ee100000| Untracked 
| 226|0x00000000ee200000, 0x00000000ee200000, 0x00000000ee300000|  0%| F|  |TAMS 0x00000000ee200000, 0x00000000ee200000| Untracked 
| 227|0x00000000ee300000, 0x00000000ee300000, 0x00000000ee400000|  0%| F|  |TAMS 0x00000000ee300000, 0x00000000ee300000| Untracked 
| 228|0x00000000ee400000, 0x00000000ee400000, 0x00000000ee500000|  0%| F|  |TAMS 0x00000000ee400000, 0x00000000ee400000| Untracked 
| 229|0x00000000ee500000, 0x00000000ee500000, 0x00000000ee600000|  0%| F|  |TAMS 0x00000000ee500000, 0x00000000ee500000| Untracked 
| 230|0x00000000ee600000, 0x00000000ee600000, 0x00000000ee700000|  0%| F|  |TAMS 0x00000000ee600000, 0x00000000ee600000| Untracked 
| 231|0x00000000ee700000, 0x00000000ee700000, 0x00000000ee800000|  0%| F|  |TAMS 0x00000000ee700000, 0x00000000ee700000| Untracked 
| 232|0x00000000ee800000, 0x00000000ee800000, 0x00000000ee900000|  0%| F|  |TAMS 0x00000000ee800000, 0x00000000ee800000| Untracked 
| 233|0x00000000ee900000, 0x00000000ee900000, 0x00000000eea00000|  0%| F|  |TAMS 0x00000000ee900000, 0x00000000ee900000| Untracked 
| 234|0x00000000eea00000, 0x00000000eea00000, 0x00000000eeb00000|  0%| F|  |TAMS 0x00000000eea00000, 0x00000000eea00000| Untracked 
| 235|0x00000000eeb00000, 0x00000000eeb00000, 0x00000000eec00000|  0%| F|  |TAMS 0x00000000eeb00000, 0x00000000eeb00000| Untracked 
| 236|0x00000000eec00000, 0x00000000eec00000, 0x00000000eed00000|  0%| F|  |TAMS 0x00000000eec00000, 0x00000000eec00000| Untracked 
| 237|0x00000000eed00000, 0x00000000eed00000, 0x00000000eee00000|  0%| F|  |TAMS 0x00000000eed00000, 0x00000000eed00000| Untracked 
| 238|0x00000000eee00000, 0x00000000eee00000, 0x00000000eef00000|  0%| F|  |TAMS 0x00000000eee00000, 0x00000000eee00000| Untracked 
| 239|0x00000000eef00000, 0x00000000eef00000, 0x00000000ef000000|  0%| F|  |TAMS 0x00000000eef00000, 0x00000000eef00000| Untracked 
| 240|0x00000000ef000000, 0x00000000ef000000, 0x00000000ef100000|  0%| F|  |TAMS 0x00000000ef000000, 0x00000000ef000000| Untracked 
| 241|0x00000000ef100000, 0x00000000ef100000, 0x00000000ef200000|  0%| F|  |TAMS 0x00000000ef100000, 0x00000000ef100000| Untracked 
| 242|0x00000000ef200000, 0x00000000ef200000, 0x00000000ef300000|  0%| F|  |TAMS 0x00000000ef200000, 0x00000000ef200000| Untracked 
| 243|0x00000000ef300000, 0x00000000ef300000, 0x00000000ef400000|  0%| F|  |TAMS 0x00000000ef300000, 0x00000000ef300000| Untracked 
| 244|0x00000000ef400000, 0x00000000ef400000, 0x00000000ef500000|  0%| F|  |TAMS 0x00000000ef400000, 0x00000000ef400000| Untracked 
| 245|0x00000000ef500000, 0x00000000ef500000, 0x00000000ef600000|  0%| F|  |TAMS 0x00000000ef500000, 0x00000000ef500000| Untracked 
| 246|0x00000000ef600000, 0x00000000ef600000, 0x00000000ef700000|  0%| F|  |TAMS 0x00000000ef600000, 0x00000000ef600000| Untracked 
| 247|0x00000000ef700000, 0x00000000ef700000, 0x00000000ef800000|  0%| F|  |TAMS 0x00000000ef700000, 0x00000000ef700000| Untracked 
| 248|0x00000000ef800000, 0x00000000ef800000, 0x00000000ef900000|  0%| F|  |TAMS 0x00000000ef800000, 0x00000000ef800000| Untracked 
| 249|0x00000000ef900000, 0x00000000ef900000, 0x00000000efa00000|  0%| F|  |TAMS 0x00000000ef900000, 0x00000000ef900000| Untracked 
| 250|0x00000000efa00000, 0x00000000efb00000, 0x00000000efb00000|100%| E|  |TAMS 0x00000000efa00000, 0x00000000efa00000| Complete 
| 251|0x00000000efb00000, 0x00000000efc00000, 0x00000000efc00000|100%| E|CS|TAMS 0x00000000efb00000, 0x00000000efb00000| Complete 
| 252|0x00000000efc00000, 0x00000000efd00000, 0x00000000efd00000|100%| E|CS|TAMS 0x00000000efc00000, 0x00000000efc00000| Complete 
| 253|0x00000000efd00000, 0x00000000efe00000, 0x00000000efe00000|100%| E|CS|TAMS 0x00000000efd00000, 0x00000000efd00000| Complete 
| 254|0x00000000efe00000, 0x00000000eff00000, 0x00000000eff00000|100%| E|CS|TAMS 0x00000000efe00000, 0x00000000efe00000| Complete 
| 255|0x00000000eff00000, 0x00000000f0000000, 0x00000000f0000000|100%| E|CS|TAMS 0x00000000eff00000, 0x00000000eff00000| Complete 

Card table byte_map: [0x000002402df30000,0x000002402e030000] _byte_map_base: 0x000002402d830000

Marking Bits (Prev, Next): (CMBitMap*) 0x000002401639f6d8, (CMBitMap*) 0x000002401639f710
 Prev Bits: [0x000002402e130000, 0x000002402e930000)
 Next Bits: [0x000002402e930000, 0x000002402f130000)

Polling page: 0x00000240142d0000

Metaspace:

Usage:
  Non-class:     32.07 MB capacity,    31.55 MB ( 98%) used,   440.97 KB (  1%) free+waste,    86.75 KB ( <1%) overhead. 
      Class:      5.06 MB capacity,     4.71 MB ( 93%) used,   320.18 KB (  6%) free+waste,    42.75 KB ( <1%) overhead. 
       Both:     37.13 MB capacity,    36.26 MB ( 98%) used,   761.15 KB (  2%) free+waste,   129.50 KB ( <1%) overhead. 

Virtual space:
  Non-class space:       34.00 MB reserved,      32.17 MB ( 95%) committed 
      Class space:      248.00 MB reserved,       5.13 MB (  2%) committed 
             Both:      282.00 MB reserved,      37.30 MB ( 13%) committed 

Chunk freelists:
   Non-Class:  43.00 KB
       Class:  0 bytes
        Both:  43.00 KB

MaxMetaspaceSize: 256.00 MB
CompressedClassSpaceSize: 248.00 MB
Initial GC threshold: 20.80 MB
Current GC threshold: 59.00 MB
CDS: off

CodeHeap 'non-profiled nmethods': size=120000Kb used=1632Kb max_used=1632Kb free=118368Kb
 bounds [0x00000240265c0000, 0x0000024026830000, 0x000002402daf0000]
CodeHeap 'profiled nmethods': size=120000Kb used=6201Kb max_used=6201Kb free=113798Kb
 bounds [0x000002401f090000, 0x000002401f6a0000, 0x00000240265c0000]
CodeHeap 'non-nmethods': size=5760Kb used=1246Kb max_used=1277Kb free=4514Kb
 bounds [0x000002401eaf0000, 0x000002401ed60000, 0x000002401f090000]
 total_blobs=3504 nmethods=2976 adapters=440
 compilation: enabled
              stopped_count=0, restarted_count=0
 full_count=0

Compilation events (20 events):
Event: 4.574 Thread 0x0000024031bbd800 nmethod 2903 0x000002401f671e90 code [0x000002401f6720a0, 0x000002401f672618]
Event: 4.574 Thread 0x0000024031bbd800 2904       3       org.codehaus.groovy.util.ReferenceManager$CallBackedManager::removeStallEntries0 (51 bytes)
Event: 4.574 Thread 0x0000024031bbd800 nmethod 2904 0x000002401f672910 code [0x000002401f672b40, 0x000002401f673418]
Event: 4.574 Thread 0x0000024031bbd800 2906       3       org.codehaus.groovy.runtime.metaclass.MetaMethodIndex::addMethodToList (131 bytes)
Event: 4.575 Thread 0x0000024031bbd800 nmethod 2906 0x000002401f673690 code [0x000002401f673940, 0x000002401f674a68]
Event: 4.575 Thread 0x0000024031bbd800 2908       3       groovy.lang.MetaMethod::isPrivate (15 bytes)
Event: 4.575 Thread 0x0000024031bbd800 nmethod 2908 0x000002401f674e90 code [0x000002401f675040, 0x000002401f675248]
Event: 4.575 Thread 0x0000024031bbd800 2907       3       groovy.lang.MetaClassImpl::addMetaMethodToIndex (65 bytes)
Event: 4.576 Thread 0x0000024031bbd800 nmethod 2907 0x000002401f675310 code [0x000002401f675520, 0x000002401f675a18]
Event: 4.576 Thread 0x0000024031bbd800 2911       3       org.codehaus.groovy.runtime.metaclass.MetaMethodIndex::hash (31 bytes)
Event: 4.576 Thread 0x0000024031bbd800 nmethod 2911 0x000002401f675c10 code [0x000002401f675dc0, 0x000002401f675eb8]
Event: 4.576 Thread 0x0000024031bbd800 2910       1       org.codehaus.groovy.reflection.CachedClass::isInterface (5 bytes)
Event: 4.576 Thread 0x0000024031bbd800 nmethod 2910 0x0000024026754d10 code [0x0000024026754ec0, 0x0000024026754f78]
Event: 4.576 Thread 0x0000024031bbd800 2909       3       org.codehaus.groovy.reflection.stdclasses.CachedSAMClass$$Lambda$331/0x0000000100472440::test (12 bytes)
Event: 4.576 Thread 0x0000024031bbd800 nmethod 2909 0x000002401f675f90 code [0x000002401f676160, 0x000002401f6763c8]
Event: 4.576 Thread 0x0000024031bbd800 2912       1       org.codehaus.groovy.reflection.GeneratedMetaMethod::getModifiers (2 bytes)
Event: 4.576 Thread 0x0000024031bbd800 nmethod 2912 0x0000024026755010 code [0x00000240267551c0, 0x0000024026755278]
Event: 4.578 Thread 0x0000024031bbd800 2913       1       org.codehaus.groovy.reflection.CachedMethod::getDeclaringClass (5 bytes)
Event: 4.578 Thread 0x0000024031bbd800 nmethod 2913 0x0000024026755310 code [0x00000240267554c0, 0x0000024026755578]
Event: 4.578 Thread 0x0000024031bbd800 2915       3       org.codehaus.groovy.runtime.metaclass.MetaMethodIndex::getOrPutMethods (184 bytes)

GC Heap History (8 events):
Event: 0.776 GC heap before
{Heap before GC invocations=0 (full 0):
 garbage-first heap   total 262144K, used 26624K [0x00000000e0000000, 0x0000000100000000)
  region size 1024K, 24 young (24576K), 0 survivors (0K)
 Metaspace       used 10131K, capacity 10388K, committed 10624K, reserved 264192K
  class space    used 1034K, capacity 1105K, committed 1152K, reserved 253952K
}
Event: 0.780 GC heap after
{Heap after GC invocations=1 (full 0):
 garbage-first heap   total 262144K, used 9406K [0x00000000e0000000, 0x0000000100000000)
  region size 1024K, 3 young (3072K), 3 survivors (3072K)
 Metaspace       used 10131K, capacity 10388K, committed 10624K, reserved 264192K
  class space    used 1034K, capacity 1105K, committed 1152K, reserved 253952K
}
Event: 2.926 GC heap before
{Heap before GC invocations=1 (full 0):
 garbage-first heap   total 262144K, used 109758K [0x00000000e0000000, 0x0000000100000000)
  region size 1024K, 102 young (104448K), 3 survivors (3072K)
 Metaspace       used 20801K, capacity 21239K, committed 21296K, reserved 274432K
  class space    used 2521K, capacity 2682K, committed 2688K, reserved 253952K
}
Event: 2.936 GC heap after
{Heap after GC invocations=2 (full 0):
 garbage-first heap   total 262144K, used 17389K [0x00000000e0000000, 0x0000000100000000)
  region size 1024K, 11 young (11264K), 11 survivors (11264K)
 Metaspace       used 20801K, capacity 21239K, committed 21296K, reserved 274432K
  class space    used 2521K, capacity 2682K, committed 2688K, reserved 253952K
}
Event: 3.692 GC heap before
{Heap before GC invocations=3 (full 0):
 garbage-first heap   total 262144K, used 87021K [0x00000000e0000000, 0x0000000100000000)
  region size 1024K, 79 young (80896K), 11 survivors (11264K)
 Metaspace       used 27598K, capacity 28241K, committed 28336K, reserved 278528K
  class space    used 3598K, capacity 3812K, committed 3840K, reserved 253952K
}
Event: 3.701 GC heap after
{Heap after GC invocations=4 (full 0):
 garbage-first heap   total 262144K, used 19540K [0x00000000e0000000, 0x0000000100000000)
  region size 1024K, 3 young (3072K), 3 survivors (3072K)
 Metaspace       used 27598K, capacity 28241K, committed 28336K, reserved 278528K
  class space    used 3598K, capacity 3812K, committed 3840K, reserved 253952K
}
Event: 4.446 GC heap before
{Heap before GC invocations=4 (full 0):
 garbage-first heap   total 262144K, used 73812K [0x00000000e0000000, 0x0000000100000000)
  region size 1024K, 57 young (58368K), 3 survivors (3072K)
 Metaspace       used 35030K, capacity 35853K, committed 35920K, reserved 286720K
  class space    used 4561K, capacity 4864K, committed 4864K, reserved 253952K
}
Event: 4.456 GC heap after
{Heap after GC invocations=5 (full 0):
 garbage-first heap   total 262144K, used 22453K [0x00000000e0000000, 0x0000000100000000)
  region size 1024K, 6 young (6144K), 6 survivors (6144K)
 Metaspace       used 35030K, capacity 35853K, committed 35920K, reserved 286720K
  class space    used 4561K, capacity 4864K, committed 4864K, reserved 253952K
}

Deoptimization events (20 events):
Event: 4.201 Thread 0x00000240345d5800 DEOPT PACKING pc=0x00000240266583c8 sp=0x000000cfb63f4d80
Event: 4.201 Thread 0x00000240345d5800 DEOPT UNPACKING pc=0x000002401eb3a1af sp=0x000000cfb63f4d50 mode 2
Event: 4.201 Thread 0x00000240345d5800 Uncommon trap: trap_request=0xffffff4d fr.pc=0x00000240266f4840 relative=0x0000000000005620
Event: 4.201 Thread 0x00000240345d5800 Uncommon trap: reason=unstable_if action=reinterpret pc=0x00000240266f4840 method=java.net.URLClassLoader.defineClass(Ljava/lang/String;Ljdk/internal/loader/Resource;)Ljava/lang/Class; @ 21 c2
Event: 4.201 Thread 0x00000240345d5800 DEOPT PACKING pc=0x00000240266f4840 sp=0x000000cfb63f8b70
Event: 4.201 Thread 0x00000240345d5800 DEOPT UNPACKING pc=0x000002401eb3a1af sp=0x000000cfb63f8ad0 mode 2
Event: 4.202 Thread 0x00000240345d5800 Uncommon trap: trap_request=0xffffff4d fr.pc=0x00000240266d9864 relative=0x0000000000003384
Event: 4.202 Thread 0x00000240345d5800 Uncommon trap: reason=unstable_if action=reinterpret pc=0x00000240266d9864 method=java.lang.ClassLoader.getClassLoadingLock(Ljava/lang/String;)Ljava/lang/Object; @ 6 c2
Event: 4.202 Thread 0x00000240345d5800 DEOPT PACKING pc=0x00000240266d9864 sp=0x000000cfb63f70c0
Event: 4.202 Thread 0x00000240345d5800 DEOPT UNPACKING pc=0x000002401eb3a1af sp=0x000000cfb63f70d0 mode 2
Event: 4.203 Thread 0x00000240345d5800 Uncommon trap: trap_request=0xffffff4d fr.pc=0x000002402672a948 relative=0x00000000000006c8
Event: 4.203 Thread 0x00000240345d5800 Uncommon trap: reason=unstable_if action=reinterpret pc=0x000002402672a948 method=java.lang.Class.getPackageName()Ljava/lang/String; @ 55 c2
Event: 4.203 Thread 0x00000240345d5800 DEOPT PACKING pc=0x000002402672a948 sp=0x000000cfb63f88a0
Event: 4.203 Thread 0x00000240345d5800 DEOPT UNPACKING pc=0x000002401eb3a1af sp=0x000000cfb63f8860 mode 2
Event: 4.205 Thread 0x00000240345d5800 Uncommon trap: trap_request=0xffffff4d fr.pc=0x000002402667b3a0 relative=0x0000000000001360
Event: 4.205 Thread 0x00000240345d5800 Uncommon trap: reason=unstable_if action=reinterpret pc=0x000002402667b3a0 method=java.util.concurrent.ConcurrentHashMap.putVal(Ljava/lang/Object;Ljava/lang/Object;Z)Ljava/lang/Object; @ 231 c2
Event: 4.205 Thread 0x00000240345d5800 DEOPT PACKING pc=0x000002402667b3a0 sp=0x000000cfb63f8a00
Event: 4.205 Thread 0x00000240345d5800 DEOPT UNPACKING pc=0x000002401eb3a1af sp=0x000000cfb63f8980 mode 2
Event: 4.303 Thread 0x00000240345d5800 DEOPT PACKING pc=0x000002401f5edb79 sp=0x000000cfb63f0d30
Event: 4.303 Thread 0x00000240345d5800 DEOPT UNPACKING pc=0x000002401eb3a95e sp=0x000000cfb63f0278 mode 0

Classes redefined (0 events):
No events

Internal exceptions (20 events):
Event: 3.839 Thread 0x00000240345d5800 Exception <a 'java/lang/NoSuchMethodError'{0x00000000ef304530}: 'java.lang.Object java.lang.invoke.DirectMethodHandle$Holder.invokeSpecial(java.lang.Object, java.lang.Object, java.lang.Object, java.lang.Object, java.lang.Object, java.lang.Object, java.lang.Object, java.lang.Object, java.lang.Object, java.lang.Object, java.lang.Object, java.lang.Object, java.lang.Object)'> (0x00000000ef304530) thrown at [s\src\hotspot\share\interpreter\linkResolver.cpp, line 773]
Event: 3.840 Thread 0x00000240345d5800 Exception <a 'java/lang/NoSuchMethodError'{0x00000000ef315390}: 'java.lang.Object java.lang.invoke.DirectMethodHandle$Holder.invokeSpecial(java.lang.Object, java.lang.Object, java.lang.Object, java.lang.Object, java.lang.Object, java.lang.Object, java.lang.Object, java.lang.Object, java.lang.Object, java.lang.Object, java.lang.Object, java.lang.Object)'> (0x00000000ef315390) thrown at [s\src\hotspot\share\interpreter\linkResolver.cpp, line 773]
Event: 3.841 Thread 0x00000240345d5800 Exception <a 'java/lang/NoSuchMethodError'{0x00000000ef31a4b8}: 'java.lang.Object java.lang.invoke.Invokers$Holder.linkToTargetMethod(java.lang.Object, java.lang.Object, java.lang.Object, java.lang.Object, java.lang.Object, java.lang.Object, java.lang.Object, java.lang.Object, java.lang.Object, java.lang.Object, java.lang.Object)'> (0x00000000ef31a4b8) thrown at [s\src\hotspot\share\interpreter\linkResolver.cpp, line 773]
Event: 3.846 Thread 0x00000240345d5800 Exception <a 'java/lang/NoSuchMethodError'{0x00000000ef3bc1c0}: 'java.lang.Object java.lang.invoke.DirectMethodHandle$Holder.invokeSpecial(java.lang.Object, java.lang.Object, java.lang.Object, java.lang.Object, java.lang.Object, java.lang.Object, java.lang.Object, java.lang.Object, java.lang.Object, java.lang.Object, java.lang.Object, java.lang.Object, java.lang.Object, java.lang.Object)'> (0x00000000ef3bc1c0) thrown at [s\src\hotspot\share\interpreter\linkResolver.cpp, line 773]
Event: 3.847 Thread 0x00000240345d5800 Exception <a 'java/lang/NoSuchMethodError'{0x00000000ef3cd838}: 'java.lang.Object java.lang.invoke.Invokers$Holder.linkToTargetMethod(java.lang.Object, java.lang.Object, java.lang.Object, java.lang.Object, java.lang.Object, java.lang.Object, java.lang.Object, java.lang.Object, java.lang.Object, java.lang.Object, java.lang.Object, java.lang.Object)'> (0x00000000ef3cd838) thrown at [s\src\hotspot\share\interpreter\linkResolver.cpp, line 773]
Event: 3.859 Thread 0x00000240345d5800 Exception <a 'java/lang/NoSuchMethodError'{0x00000000ef112fd0}: 'java.lang.Object java.lang.invoke.DirectMethodHandle$Holder.invokeStaticInit(java.lang.Object, java.lang.Object, java.lang.Object, java.lang.Object)'> (0x00000000ef112fd0) thrown at [s\src\hotspot\share\interpreter\linkResolver.cpp, line 773]
Event: 3.935 Thread 0x00000240345d5800 Exception <a 'java/lang/NoSuchMethodError'{0x00000000ee864a68}: 'java.lang.Object java.lang.invoke.Invokers$Holder.linkToTargetMethod(java.lang.Object, java.lang.Object, java.lang.Object, java.lang.Object, java.lang.Object, java.lang.Object, java.lang.Object, java.lang.Object)'> (0x00000000ee864a68) thrown at [s\src\hotspot\share\interpreter\linkResolver.cpp, line 773]
Event: 3.937 Thread 0x00000240345d5800 Exception <a 'java/lang/NoSuchMethodError'{0x00000000ee899b70}: 'java.lang.Object java.lang.invoke.DirectMethodHandle$Holder.invokeVirtual(java.lang.Object, java.lang.Object, java.lang.Object)'> (0x00000000ee899b70) thrown at [s\src\hotspot\share\interpreter\linkResolver.cpp, line 773]
Event: 3.948 Thread 0x00000240345d5800 Exception <a 'java/lang/NoSuchMethodError'{0x00000000ee794d38}: 'void java.lang.invoke.DirectMethodHandle$Holder.invokeStatic(java.lang.Object, java.lang.Object, java.lang.Object, java.lang.Object)'> (0x00000000ee794d38) thrown at [s\src\hotspot\share\interpreter\linkResolver.cpp, line 773]
Event: 3.950 Thread 0x00000240345d5800 Exception <a 'java/lang/IncompatibleClassChangeError'{0x00000000ee7c14a8}: Found class java.lang.Object, but interface was expected> (0x00000000ee7c14a8) thrown at [s\src\hotspot\share\interpreter\linkResolver.cpp, line 839]
Event: 3.990 Thread 0x00000240345d5800 Exception <a 'java/lang/NoSuchMethodError'{0x00000000ee3cf178}: 'int java.lang.invoke.DirectMethodHandle$Holder.invokeVirtual(java.lang.Object, java.lang.Object)'> (0x00000000ee3cf178) thrown at [s\src\hotspot\share\interpreter\linkResolver.cpp, line 773]
Event: 4.134 Thread 0x00000240345d5800 Exception <a 'java/lang/NoSuchMethodError'{0x00000000ed9a6908}: 'java.lang.Object java.lang.invoke.Invokers$Holder.linkToTargetMethod(java.lang.Object, long, java.lang.Object)'> (0x00000000ed9a6908) thrown at [s\src\hotspot\share\interpreter\linkResolver.cpp, line 773]
Event: 4.145 Thread 0x00000240345d5800 Exception <a 'java/lang/NoSuchMethodError'{0x00000000ed83dac0}: 'int java.lang.invoke.DirectMethodHandle$Holder.invokeStatic(java.lang.Object, java.lang.Object, java.lang.Object, java.lang.Object, java.lang.Object)'> (0x00000000ed83dac0) thrown at [s\src\hotspot\share\interpreter\linkResolver.cpp, line 773]
Event: 4.153 Thread 0x00000240345d5800 Exception <a 'java/lang/NoSuchMethodError'{0x00000000ed8c5fe0}: 'java.lang.Object java.lang.invoke.DirectMethodHandle$Holder.invokeStatic(java.lang.Object, java.lang.Object, int, java.lang.Object)'> (0x00000000ed8c5fe0) thrown at [s\src\hotspot\share\interpreter\linkResolver.cpp, line 773]
Event: 4.153 Thread 0x00000240345d5800 Exception <a 'java/lang/NoSuchMethodError'{0x00000000ed8d0328}: 'java.lang.Object java.lang.invoke.Invokers$Holder.linkToTargetMethod(java.lang.Object, int, java.lang.Object, java.lang.Object)'> (0x00000000ed8d0328) thrown at [s\src\hotspot\share\interpreter\linkResolver.cpp, line 773]
Event: 4.201 Thread 0x00000240345d5800 Implicit null exception at 0x0000024026657292 to 0x00000240266583aa
Event: 4.297 Thread 0x00000240345d5800 Exception <a 'java/lang/NoSuchMethodError'{0x00000000ecf4e3e8}: 'void java.lang.invoke.DirectMethodHandle$Holder.invokeStaticInit(java.lang.Object, java.lang.Object, java.lang.Object)'> (0x00000000ecf4e3e8) thrown at [s\src\hotspot\share\interpreter\linkResolver.cpp, line 773]
Event: 4.298 Thread 0x00000240345d5800 Exception <a 'java/lang/NoSuchMethodError'{0x00000000ecf55558}: 'void java.lang.invoke.DirectMethodHandle$Holder.invokeStaticInit(java.lang.Object, java.lang.Object, java.lang.Object, java.lang.Object)'> (0x00000000ecf55558) thrown at [s\src\hotspot\share\interpreter\linkResolver.cpp, line 773]
Event: 4.302 Thread 0x00000240345d5800 Exception <a 'java/lang/NoSuchMethodError'{0x00000000ecf78068}: 'void java.lang.invoke.DirectMethodHandle$Holder.invokeStaticInit(java.lang.Object, java.lang.Object, java.lang.Object, java.lang.Object, java.lang.Object)'> (0x00000000ecf78068) thrown at [s\src\hotspot\share\interpreter\linkResolver.cpp, line 773]
Event: 4.333 Thread 0x00000240345d5800 Exception <a 'java/lang/NoSuchMethodError'{0x00000000ecfd95a8}: 'int java.lang.invoke.DirectMethodHandle$Holder.invokeStaticInit(java.lang.Object, java.lang.Object, java.lang.Object, java.lang.Object)'> (0x00000000ecfd95a8) thrown at [s\src\hotspot\share\interpreter\linkResolver.cpp, line 773]

Events (20 events):
Event: 4.570 loading class groovy/lang/Tuple2
Event: 4.570 loading class groovy/lang/Tuple2 done
Event: 4.570 loading class groovy/lang/Tuple
Event: 4.570 loading class groovy/lang/Tuple done
Event: 4.571 loading class java/beans/PropertyDescriptor
Event: 4.572 loading class java/beans/PropertyDescriptor done
Event: 4.572 loading class groovyjarjarasm/asm/ClassVisitor
Event: 4.572 loading class groovyjarjarasm/asm/ClassVisitor done
Event: 4.574 loading class org/codehaus/groovy/runtime/metaclass/ClosureMetaMethod$AnonymousMetaMethod
Event: 4.574 loading class org/codehaus/groovy/runtime/metaclass/ClosureMetaMethod$AnonymousMetaMethod done
Event: 4.575 loading class java/lang/reflect/AnnotatedType
Event: 4.575 loading class java/lang/reflect/AnnotatedType done
Event: 4.576 loading class org/codehaus/groovy/reflection/MixinInMetaClass
Event: 4.576 loading class org/codehaus/groovy/reflection/MixinInMetaClass done
Event: 4.576 loading class org/codehaus/groovy/util/ManagedConcurrentMap
Event: 4.576 loading class org/codehaus/groovy/util/ManagedConcurrentMap done
Event: 4.576 loading class org/codehaus/groovy/util/AbstractConcurrentMap
Event: 4.576 loading class org/codehaus/groovy/util/AbstractConcurrentMap done
Event: 4.577 loading class org/codehaus/groovy/util/AbstractConcurrentMapBase
Event: 4.577 loading class org/codehaus/groovy/util/AbstractConcurrentMapBase done


Dynamic libraries:
0x00007ff7698d0000 - 0x00007ff7698de000 	C:\Program Files\Eclipse Adoptium\jdk-11.0.19.7-hotspot\bin\java.exe
0x00007ff8c54a0000 - 0x00007ff8c5671000 	C:\Windows\SYSTEM32\ntdll.dll
0x00007ff8c2b20000 - 0x00007ff8c2bcb000 	C:\Windows\System32\KERNEL32.DLL
0x00007ff8c27a0000 - 0x00007ff8c29bd000 	C:\Windows\System32\KERNELBASE.dll
0x00007ff8c1d60000 - 0x00007ff8c1e55000 	C:\Windows\System32\ucrtbase.dll
0x00007ff8b5ae0000 - 0x00007ff8b5af8000 	C:\Program Files\Eclipse Adoptium\jdk-11.0.19.7-hotspot\bin\jli.dll
0x00007ff8b45a0000 - 0x00007ff8b45b9000 	C:\Program Files\Eclipse Adoptium\jdk-11.0.19.7-hotspot\bin\VCRUNTIME140.dll
0x00007ff8c4840000 - 0x00007ff8c49a5000 	C:\Windows\System32\USER32.dll
0x00007ff8c1e60000 - 0x00007ff8c1e7e000 	C:\Windows\System32\win32u.dll
0x00007ff8c2ae0000 - 0x00007ff8c2b14000 	C:\Windows\System32\GDI32.dll
0x00007ff8c1f30000 - 0x00007ff8c20b2000 	C:\Windows\System32\gdi32full.dll
0x00007ff8af300000 - 0x00007ff8af579000 	C:\Windows\WinSxS\amd64_microsoft.windows.common-controls_6595b64144ccf1df_6.0.14393.0_none_2d0f50fcbdb171b8\COMCTL32.dll
0x00007ff8c4d50000 - 0x00007ff8c4dee000 	C:\Windows\System32\msvcrt.dll
0x00007ff8c49c0000 - 0x00007ff8c4c87000 	C:\Windows\System32\combase.dll
0x00007ff8c2be0000 - 0x00007ff8c2d01000 	C:\Windows\System32\RPCRT4.dll
0x00007ff8c29c0000 - 0x00007ff8c2a2a000 	C:\Windows\System32\bcryptPrimitives.dll
0x00007ff8c2ab0000 - 0x00007ff8c2ade000 	C:\Windows\System32\IMM32.DLL
0x00007ff8b5ad0000 - 0x00007ff8b5adc000 	C:\Program Files\Eclipse Adoptium\jdk-11.0.19.7-hotspot\bin\vcruntime140_1.dll
0x00007ff875d40000 - 0x00007ff875dd1000 	C:\Program Files\Eclipse Adoptium\jdk-11.0.19.7-hotspot\bin\msvcp140.dll
0x00007ff871020000 - 0x00007ff871bdc000 	C:\Program Files\Eclipse Adoptium\jdk-11.0.19.7-hotspot\bin\server\jvm.dll
0x00007ff8c2e60000 - 0x00007ff8c2f02000 	C:\Windows\System32\ADVAPI32.dll
0x00007ff8c2a50000 - 0x00007ff8c2aa9000 	C:\Windows\System32\sechost.dll
0x00007ff8c49b0000 - 0x00007ff8c49b8000 	C:\Windows\System32\PSAPI.DLL
0x00007ff8b3ac0000 - 0x00007ff8b3ac9000 	C:\Windows\SYSTEM32\WSOCK32.dll
0x00007ff8bf7f0000 - 0x00007ff8bf813000 	C:\Windows\SYSTEM32\WINMM.dll
0x00007ff8b8b80000 - 0x00007ff8b8b8a000 	C:\Windows\SYSTEM32\VERSION.dll
0x00007ff8c5000000 - 0x00007ff8c506a000 	C:\Windows\System32\WS2_32.dll
0x0000024015b20000 - 0x0000024015b4b000 	C:\Windows\SYSTEM32\WINMMBASE.dll
0x00007ff8c1d10000 - 0x00007ff8c1d52000 	C:\Windows\System32\cfgmgr32.dll
0x00007ff8c19d0000 - 0x00007ff8c19df000 	C:\Windows\System32\kernel.appcore.dll
0x00007ff8b4230000 - 0x00007ff8b4240000 	C:\Program Files\Eclipse Adoptium\jdk-11.0.19.7-hotspot\bin\verify.dll
0x00007ff8b3c70000 - 0x00007ff8b3e02000 	C:\Windows\SYSTEM32\DBGHELP.DLL
0x00007ff8b3b10000 - 0x00007ff8b3b39000 	C:\Windows\SYSTEM32\dbgcore.DLL
0x00007ff88eaf0000 - 0x00007ff88eb18000 	C:\Program Files\Eclipse Adoptium\jdk-11.0.19.7-hotspot\bin\java.dll
0x00007ff8b4220000 - 0x00007ff8b422a000 	C:\Program Files\Eclipse Adoptium\jdk-11.0.19.7-hotspot\bin\jimage.dll
0x00007ff8a8b70000 - 0x00007ff8a8b88000 	C:\Program Files\Eclipse Adoptium\jdk-11.0.19.7-hotspot\bin\zip.dll
0x00007ff8c2f10000 - 0x00007ff8c4418000 	C:\Windows\System32\SHELL32.dll
0x00007ff8c20c0000 - 0x00007ff8c279a000 	C:\Windows\System32\windows.storage.dll
0x00007ff8c19e0000 - 0x00007ff8c1a2c000 	C:\Windows\System32\powrprof.dll
0x00007ff8c4c90000 - 0x00007ff8c4ce2000 	C:\Windows\System32\shlwapi.dll
0x00007ff8c1a30000 - 0x00007ff8c1ad9000 	C:\Windows\System32\shcore.dll
0x00007ff8c19b0000 - 0x00007ff8c19c4000 	C:\Windows\System32\profapi.dll
0x00007ff8a8800000 - 0x00007ff8a8819000 	C:\Program Files\Eclipse Adoptium\jdk-11.0.19.7-hotspot\bin\net.dll
0x00007ff8b9c90000 - 0x00007ff8b9d5c000 	C:\Windows\SYSTEM32\WINHTTP.dll
0x00007ff8c12d0000 - 0x00007ff8c132c000 	C:\Windows\system32\mswsock.dll
0x00007ff8a7b00000 - 0x00007ff8a7b13000 	C:\Program Files\Eclipse Adoptium\jdk-11.0.19.7-hotspot\bin\nio.dll
0x00007ff88ace0000 - 0x00007ff88ad07000 	C:\Users\User\.gradle\native\68d5fa5c4cc2d200863cafc0d521ce42e7d3e7ee720ec0a83991735586a16f82\windows-amd64\native-platform.dll
0x00007ff8be330000 - 0x00007ff8be339000 	C:\Program Files\Eclipse Adoptium\jdk-11.0.19.7-hotspot\bin\management.dll
0x00007ff8be320000 - 0x00007ff8be32b000 	C:\Program Files\Eclipse Adoptium\jdk-11.0.19.7-hotspot\bin\management_ext.dll
0x00007ff8c1470000 - 0x00007ff8c1487000 	C:\Windows\SYSTEM32\CRYPTSP.dll
0x00007ff8c0ee0000 - 0x00007ff8c0f13000 	C:\Windows\system32\rsaenh.dll
0x00007ff8c1580000 - 0x00007ff8c15ab000 	C:\Windows\SYSTEM32\bcrypt.dll
0x00007ff8c1150000 - 0x00007ff8c116f000 	C:\Windows\SYSTEM32\USERENV.dll
0x00007ff8c1490000 - 0x00007ff8c149b000 	C:\Windows\SYSTEM32\CRYPTBASE.dll
0x00007ff8c1060000 - 0x00007ff8c1098000 	C:\Windows\SYSTEM32\IPHLPAPI.DLL
0x00007ff8c2bd0000 - 0x00007ff8c2bd8000 	C:\Windows\System32\NSI.dll
0x00007ff8bc3e0000 - 0x00007ff8bc3f6000 	C:\Windows\SYSTEM32\dhcpcsvc6.DLL
0x00007ff8bc770000 - 0x00007ff8bc78a000 	C:\Windows\SYSTEM32\dhcpcsvc.DLL

dbghelp: loaded successfully - version: 4.0.5 - missing functions: none
symbol engine: initialized successfully - sym options: 0x614 - pdb path: .;C:\Program Files\Eclipse Adoptium\jdk-11.0.19.7-hotspot\bin;C:\Windows\SYSTEM32;C:\Windows\WinSxS\amd64_microsoft.windows.common-controls_6595b64144ccf1df_6.0.14393.0_none_2d0f50fcbdb171b8;C:\Program Files\Eclipse Adoptium\jdk-11.0.19.7-hotspot\bin\server;C:\Users\User\.gradle\native\68d5fa5c4cc2d200863cafc0d521ce42e7d3e7ee720ec0a83991735586a16f82\windows-amd64

VM Arguments:
jvm_args: --add-opens=java.base/java.util.concurrent.atomic=ALL-UNNAMED -XX:MaxMetaspaceSize=256m -XX:+HeapDumpOnOutOfMemoryError --add-opens=java.base/java.util=ALL-UNNAMED --add-opens=java.base/java.lang=ALL-UNNAMED --add-opens=java.base/java.lang.invoke=ALL-UNNAMED --add-opens=java.prefs/java.util.prefs=ALL-UNNAMED --add-opens=java.base/java.nio.charset=ALL-UNNAMED --add-opens=java.base/java.net=ALL-UNNAMED --add-opens=java.base/java.util.concurrent.atomic=ALL-UNNAMED -Xms256m -Xmx512m -Dfile.encoding=windows-1251 -Duser.country=RU -Duser.language=ru -Duser.variant 
java_command: org.gradle.launcher.daemon.bootstrap.GradleDaemon 7.6
java_class_path (initial): C:\Users\User\.gradle\wrapper\dists\gradle-7.6-bin\9l9tetv7ltxvx3i8an4pb86ye\gradle-7.6\lib\gradle-launcher-7.6.jar
Launcher Type: SUN_STANDARD

[Global flags]
     intx CICompilerCount                          = 4                                         {product} {ergonomic}
   size_t CompressedClassSpaceSize                 = 260046848                                 {product} {ergonomic}
     uint ConcGCThreads                            = 2                                         {product} {ergonomic}
     uint G1ConcRefinementThreads                  = 8                                         {product} {ergonomic}
   size_t G1HeapRegionSize                         = 1048576                                   {product} {ergonomic}
    uintx GCDrainStackTargetSize                   = 64                                        {product} {ergonomic}
     bool HeapDumpOnOutOfMemoryError               = true                                   {manageable} {command line}
   size_t InitialHeapSize                          = 268435456                                 {product} {command line}
   size_t MarkStackSize                            = 4194304                                   {product} {ergonomic}
   size_t MaxHeapSize                              = 536870912                                 {product} {command line}
   size_t MaxMetaspaceSize                         = 268435456                                 {product} {command line}
   size_t MaxNewSize                               = 321912832                                 {product} {ergonomic}
   size_t MinHeapDeltaBytes                        = 1048576                                   {product} {ergonomic}
    uintx NonNMethodCodeHeapSize                   = 5836300                                {pd product} {ergonomic}
    uintx NonProfiledCodeHeapSize                  = 122910970                              {pd product} {ergonomic}
    uintx ProfiledCodeHeapSize                     = 122910970                              {pd product} {ergonomic}
    uintx ReservedCodeCacheSize                    = 251658240                              {pd product} {ergonomic}
     bool SegmentedCodeCache                       = true                                      {product} {ergonomic}
     bool UseCompressedClassPointers               = true                                 {lp64_product} {ergonomic}
     bool UseCompressedOops                        = true                                 {lp64_product} {ergonomic}
     bool UseG1GC                                  = true                                      {product} {ergonomic}
     bool UseLargePagesIndividualAllocation        = false                                  {pd product} {ergonomic}

Logging:
Log output configuration:
 #0: stdout all=warning uptime,level,tags
 #1: stderr all=off uptime,level,tags

Environment Variables:
PATH=C:\Program Files\Eclipse Adoptium\jdk-11.0.19.7-hotspot\bin;C:\Program Files (x86)\Common Files\Oracle\Java\javapath;C:\Windows\system32;C:\Windows;C:\Windows\System32\Wbem;C:\Windows\System32\WindowsPowerShell\v1.0\;C:\Program Files\Git\cmd;C:\Program Files\PuTTY\;C:\Users\User\AppData\Local\Microsoft\WindowsApps;;C:\Users\User\AppData\Local\Programs\Microsoft VS Code\bin
USERNAME=User
OS=Windows_NT
PROCESSOR_IDENTIFIER=Intel64 Family 6 Model 60 Stepping 3, GenuineIntel
TMP=C:\Windows\TEMP
TEMP=C:\Windows\TEMP



---------------  S Y S T E M  ---------------

OS: Windows 10 , 64 bit Build 14393 (10.0.14393.0)
OS uptime: 3 days 2:47 hours

CPU:total 8 (initial active 8) (4 cores per cpu, 2 threads per core) family 6 model 60 stepping 3 microcode 0x1e, cmov, cx8, fxsr, mmx, sse, sse2, sse3, ssse3, sse4.1, sse4.2, popcnt, avx, avx2, aes, clmul, erms, lzcnt, ht, tsc, tscinvbit, bmi1, bmi2, fma

Memory: 4k page, system-wide physical 8075M (534M free)
TotalPageFile size 20451M (AvailPageFile size 4M)
current process WorkingSet (physical memory assigned to process): 273M, peak: 276M
current process commit charge ("private bytes"): 446M, peak: 450M

vm_info: OpenJDK 64-Bit Server VM (11.0.19+7) for windows-amd64 JRE (11.0.19+7), built on Apr 18 2023 23:12:18 by "" with MS VC++ 16.7 (VS2019)

END.
